[  100544ms] Error: Rendered fewer hooks than expected. This may be caused by an accidental early return statement.
    at renderWithHooks (http://localhost:5173/node_modules/.vite/deps/chunk-U3XUIKGL.js?v=c69e118e:11595:19)
    at updateFunctionComponent (http://localhost:5173/node_modules/.vite/deps/chunk-U3XUIKGL.js?v=c69e118e:14582:28)
    at beginWork (http://localhost:5173/node_modules/.vite/deps/chunk-U3XUIKGL.js?v=c69e118e:15924:22)
    at HTMLUnknownElement.callCallback2 (http://localhost:5173/node_modules/.vite/deps/chunk-U3XUIKGL.js?v=c69e118e:3674:22)
    at Object.invokeGuardedCallbackDev (http://localhost:5173/node_modules/.vite/deps/chunk-U3XUIKGL.js?v=c69e118e:3699:24)
    at invokeGuardedCallback (http://localhost:5173/node_modules/.vite/deps/chunk-U3XUIKGL.js?v=c69e118e:3733:39)
    at beginWork$1 (http://localhost:5173/node_modules/.vite/deps/chunk-U3XUIKGL.js?v=c69e118e:19765:15)
    at performUnitOfWork (http://localhost:5173/node_modules/.vite/deps/chunk-U3XUIKGL.js?v=c69e118e:19198:20)
    at workLoopSync (http://localhost:5173/node_modules/.vite/deps/chunk-U3XUIKGL.js?v=c69e118e:19137:13)
    at renderRootSync (http://localhost:5173/node_modules/.vite/deps/chunk-U3XUIKGL.js?v=c69e118e:19116:15)
[  100546ms] Error: Rendered fewer hooks than expected. This may be caused by an accidental early return statement.
    at renderWithHooks (http://localhost:5173/node_modules/.vite/deps/chunk-U3XUIKGL.js?v=c69e118e:11595:19)
    at updateFunctionComponent (http://localhost:5173/node_modules/.vite/deps/chunk-U3XUIKGL.js?v=c69e118e:14582:28)
    at beginWork (http://localhost:5173/node_modules/.vite/deps/chunk-U3XUIKGL.js?v=c69e118e:15924:22)
    at HTMLUnknownElement.callCallback2 (http://localhost:5173/node_modules/.vite/deps/chunk-U3XUIKGL.js?v=c69e118e:3674:22)
    at Object.invokeGuardedCallbackDev (http://localhost:5173/node_modules/.vite/deps/chunk-U3XUIKGL.js?v=c69e118e:3699:24)
    at invokeGuardedCallback (http://localhost:5173/node_modules/.vite/deps/chunk-U3XUIKGL.js?v=c69e118e:3733:39)
    at beginWork$1 (http://localhost:5173/node_modules/.vite/deps/chunk-U3XUIKGL.js?v=c69e118e:19765:15)
    at performUnitOfWork (http://localhost:5173/node_modules/.vite/deps/chunk-U3XUIKGL.js?v=c69e118e:19198:20)
    at workLoopSync (http://localhost:5173/node_modules/.vite/deps/chunk-U3XUIKGL.js?v=c69e118e:19137:13)
    at renderRootSync (http://localhost:5173/node_modules/.vite/deps/chunk-U3XUIKGL.js?v=c69e118e:19116:15)
[  100542ms] [ERROR] The above error occurred in the <TournamentPage> component:

    at TournamentPage (http://localhost:5173/src/routes/tournaments/$id.tsx?t=1773305715141:38:13)
    at MatchInnerImpl (http://localhost:5173/node_modules/.vite/deps/@tanstack_react-router.js?v=c69e118e:8354:3)
    at SafeFragment (http://localhost:5173/node_modules/.vite/deps/@tanstack_react-router.js?v=c69e118e:8184:87)
    at SafeFragment (http://localhost:5173/node_modules/.vite/deps/@tanstack_react-router.js?v=c69e118e:8184:87)
    at SafeFragment (http://localhost:5173/node_modules/.vite/deps/@tanstack_react-router.js?v=c69e118e:8184:87)
    at SafeFragment (http://localhost:5173/node_modules/.vite/deps/@tanstack_react-router.js?v=c69e118e:8184:87)
    at MatchImpl (http://localhost:5173/node_modules/.vite/deps/@tanstack_react-router.js?v=c69e118e:8261:3)
    at Suspense
    at OutletImpl (http://localhost:5173/node_modules/.vite/deps/@tanstack_react-router.js?v=c69e118e:8443:18)
    at main
    at div
    at Layout (http://localhost:5173/src/components/Layout.tsx?t=1773305715141:27:26)
    at RootComponent
    at MatchInnerImpl (http://localhost:5173/node_modules/.vite/deps/@tanstack_react-router.js?v=c69e118e:8354:3)
    at SafeFragment (http://localhost:5173/node_modules/.vite/deps/@tanstack_react-router.js?v=c69e118e:8184:87)
    at SafeFragment (http://localhost:5173/node_modules/.vite/deps/@tanstack_react-router.js?v=c69e118e:8184:87)
    at SafeFragment (http://localhost:5173/node_modules/.vite/deps/@tanstack_react-router.js?v=c69e118e:8184:87)
    at SafeFragment (http://localhost:5173/node_modules/.vite/deps/@tanstack_react-router.js?v=c69e118e:8184:87)
    at MatchImpl (http://localhost:5173/node_modules/.vite/deps/@tanstack_react-router.js?v=c69e118e:8261:3)
    at CatchBoundaryImpl (http://localhost:5173/node_modules/.vite/deps/@tanstack_react-router.js?v=c69e118e:6872:5)
    at CatchBoundary (http://localhost:5173/node_modules/.vite/deps/@tanstack_react-router.js?v=c69e118e:6852:32)
    at MatchesInner (http://localhost:5173/node_modules/.vite/deps/@tanstack_react-router.js?v=c69e118e:8499:18)
    at Suspense
    at Matches (http://localhost:5173/node_modules/.vite/deps/@tanstack_react-router.js?v=c69e118e:8487:18)
    at RouterContextProvider (http://localhost:5173/node_modules/.vite/deps/@tanstack_react-router.js?v=c69e118e:8611:3)
    at RouterProvider (http://localhost:5173/node_modules/.vite/deps/@tanstack_react-router.js?v=c69e118e:8631:27)
    at QueryClientProvider (http://localhost:5173/node_modules/.vite/deps/@tanstack_react-query.js?v=c69e118e:3168:3)

React will try to recreate this component tree from scratch using the error boundary you provided, CatchBoundaryImpl. @ http://localhost:5173/node_modules/.vite/deps/chunk-U3XUIKGL.js?v=c69e118e:14031
[  100542ms] [WARNING] Warning: The following error wasn't caught by any route! At the very least, consider setting an 'errorComponent' in your RootRoute! @ http://localhost:5173/node_modules/.vite/deps/@tanstack_react-router.js?v=c69e118e:6968
[  100542ms] [WARNING] Warning: Rendered fewer hooks than expected. This may be caused by an accidental early return statement. @ http://localhost:5173/node_modules/.vite/deps/@tanstack_react-router.js?v=c69e118e:6968
[  108572ms] [ERROR] Warning: React has detected a change in the order of Hooks called by %s. This will lead to bugs and errors if not fixed. For more information, read the Rules of Hooks: https://reactjs.org/link/rules-of-hooks

   Previous render            Next render
   ------------------------------------------------------
%s   ^^^^^^^^^^^^^^^^^^^^^^^^^^^^^^^^^^^^^^^^^^^^^^^^^^^^^^
%s TournamentPage 1. useContext                 useContext
2. useContext                 useContext
3. useRef                     useRef
4. useCallback                useCallback
5. useCallback                useCallback
6. useRef                     useRef
7. useMemo                    useMemo
8. useSyncExternalStore       useSyncExternalStore
9. useEffect                  useEffect
10. useDebugValue             useDebugValue
11. useContext                useContext
12. useRef                    useRef
13. useCallback               useCallback
14. useCallback               useCallback
15. useRef                    useRef
16. useMemo                   useMemo
17. useSyncExternalStore      useSyncExternalStore
18. useEffect                 useEffect
19. useDebugValue             useDebugValue
20. useRef                    useRef
21. useMemo                   useMemo
22. useSyncExternalStore      useSyncExternalStore
23. useEffect                 useEffect
24. useDebugValue             useDebugValue
25. useDebugValue             useDebugValue
26. useContext                useContext
27. useMemo                   useMemo
28. useMemo                   useMemo
29. useRef                    useRef
30. useCallback               useCallback
31. useRef                    useRef
32. useCallback               useCallback
33. useState                  useState
34. useSyncExternalStore      useSyncExternalStore
35. useEffect                 useEffect
36. useRef                    useRef
37. useRef                    useRef
38. useMemo                   useMemo
39. undefined                 useContext
 
    at TournamentPage (http://localhost:5173/src/routes/tournaments/$id.tsx?t=1773305715141:38:13)
    at MatchInnerImpl (http://localhost:5173/node_modules/.vite/deps/@tanstack_react-router.js?v=c69e118e:8354:3)
    at SafeFragment (http://localhost:5173/node_modules/.vite/deps/@tanstack_react-router.js?v=c69e118e:8184:87)
    at SafeFragment (http://localhost:5173/node_modules/.vite/deps/@tanstack_react-router.js?v=c69e118e:8184:87)
    at SafeFragment (http://localhost:5173/node_modules/.vite/deps/@tanstack_react-router.js?v=c69e118e:8184:87)
    at SafeFragment (http://localhost:5173/node_modules/.vite/deps/@tanstack_react-router.js?v=c69e118e:8184:87)
    at MatchImpl (http://localhost:5173/node_modules/.vite/deps/@tanstack_react-router.js?v=c69e118e:8261:3)
    at Suspense
    at OutletImpl (http://localhost:5173/node_modules/.vite/deps/@tanstack_react-router.js?v=c69e118e:8443:18)
    at main
    at div
    at Layout (http://localhost:5173/src/components/Layout.tsx?t=1773305715141:27:26)
    at RootComponent
    at MatchInnerImpl (http://localhost:5173/node_modules/.vite/deps/@tanstack_react-router.js?v=c69e118e:8354:3)
    at SafeFragment (http://localhost:5173/node_modules/.vite/deps/@tanstack_react-router.js?v=c69e118e:8184:87)
    at SafeFragment (http://localhost:5173/node_modules/.vite/deps/@tanstack_react-router.js?v=c69e118e:8184:87)
    at SafeFragment (http://localhost:5173/node_modules/.vite/deps/@tanstack_react-router.js?v=c69e118e:8184:87)
    at SafeFragment (http://localhost:5173/node_modules/.vite/deps/@tanstack_react-router.js?v=c69e118e:8184:87)
    at MatchImpl (http://localhost:5173/node_modules/.vite/deps/@tanstack_react-router.js?v=c69e118e:8261:3)
    at CatchBoundaryImpl (http://localhost:5173/node_modules/.vite/deps/@tanstack_react-router.js?v=c69e118e:6872:5)
    at CatchBoundary (http://localhost:5173/node_modules/.vite/deps/@tanstack_react-router.js?v=c69e118e:6852:32)
    at MatchesInner (http://localhost:5173/node_modules/.vite/deps/@tanstack_react-router.js?v=c69e118e:8499:18)
    at Suspense
    at Matches (http://localhost:5173/node_modules/.vite/deps/@tanstack_react-router.js?v=c69e118e:8487:18)
    at RouterContextProvider (http://localhost:5173/node_modules/.vite/deps/@tanstack_react-router.js?v=c69e118e:8611:3)
    at RouterProvider (http://localhost:5173/node_modules/.vite/deps/@tanstack_react-router.js?v=c69e118e:8631:27)
    at QueryClientProvider (http://localhost:5173/node_modules/.vite/deps/@tanstack_react-query.js?v=c69e118e:3168:3) @ http://localhost:5173/node_modules/.vite/deps/chunk-U3XUIKGL.js?v=c69e118e:520
[  108576ms] Error: Rendered more hooks than during the previous render.
    at updateWorkInProgressHook (http://localhost:5173/node_modules/.vite/deps/chunk-U3XUIKGL.js?v=c69e118e:11678:21)
    at updateEffectImpl (http://localhost:5173/node_modules/.vite/deps/chunk-U3XUIKGL.js?v=c69e118e:12074:22)
    at updateEffect (http://localhost:5173/node_modules/.vite/deps/chunk-U3XUIKGL.js?v=c69e118e:12099:18)
    at Object.useEffect (http://localhost:5173/node_modules/.vite/deps/chunk-U3XUIKGL.js?v=c69e118e:12703:22)
    at Object.useEffect (http://localhost:5173/node_modules/.vite/deps/chunk-6HVYKXQA.js?v=c69e118e:1078:29)
    at useClearResetErrorBoundary (http://localhost:5173/node_modules/.vite/deps/@tanstack_react-query.js?v=c69e118e:3223:10)
    at useBaseQuery (http://localhost:5173/node_modules/.vite/deps/@tanstack_react-query.js?v=c69e118e:3371:3)
    at useQuery (http://localhost:5173/node_modules/.vite/deps/@tanstack_react-query.js?v=c69e118e:3431:10)
    at TournamentPage (http://localhost:5173/src/routes/tournaments/$id.tsx?t=1773305715141:62:7)
    at renderWithHooks (http://localhost:5173/node_modules/.vite/deps/chunk-U3XUIKGL.js?v=c69e118e:11548:26)
[  108577ms] Error: Rendered more hooks than during the previous render.
    at updateWorkInProgressHook (http://localhost:5173/node_modules/.vite/deps/chunk-U3XUIKGL.js?v=c69e118e:11678:21)
    at updateEffectImpl (http://localhost:5173/node_modules/.vite/deps/chunk-U3XUIKGL.js?v=c69e118e:12074:22)
    at updateEffect (http://localhost:5173/node_modules/.vite/deps/chunk-U3XUIKGL.js?v=c69e118e:12099:18)
    at Object.useEffect (http://localhost:5173/node_modules/.vite/deps/chunk-U3XUIKGL.js?v=c69e118e:12703:22)
    at Object.useEffect (http://localhost:5173/node_modules/.vite/deps/chunk-6HVYKXQA.js?v=c69e118e:1078:29)
    at useClearResetErrorBoundary (http://localhost:5173/node_modules/.vite/deps/@tanstack_react-query.js?v=c69e118e:3223:10)
    at useBaseQuery (http://localhost:5173/node_modules/.vite/deps/@tanstack_react-query.js?v=c69e118e:3371:3)
    at useQuery (http://localhost:5173/node_modules/.vite/deps/@tanstack_react-query.js?v=c69e118e:3431:10)
    at TournamentPage (http://localhost:5173/src/routes/tournaments/$id.tsx?t=1773305715141:62:7)
    at renderWithHooks (http://localhost:5173/node_modules/.vite/deps/chunk-U3XUIKGL.js?v=c69e118e:11548:26)
[  108575ms] [ERROR] The above error occurred in the <TournamentPage> component:

    at TournamentPage (http://localhost:5173/src/routes/tournaments/$id.tsx?t=1773305715141:38:13)
    at MatchInnerImpl (http://localhost:5173/node_modules/.vite/deps/@tanstack_react-router.js?v=c69e118e:8354:3)
    at SafeFragment (http://localhost:5173/node_modules/.vite/deps/@tanstack_react-router.js?v=c69e118e:8184:87)
    at SafeFragment (http://localhost:5173/node_modules/.vite/deps/@tanstack_react-router.js?v=c69e118e:8184:87)
    at SafeFragment (http://localhost:5173/node_modules/.vite/deps/@tanstack_react-router.js?v=c69e118e:8184:87)
    at SafeFragment (http://localhost:5173/node_modules/.vite/deps/@tanstack_react-router.js?v=c69e118e:8184:87)
    at MatchImpl (http://localhost:5173/node_modules/.vite/deps/@tanstack_react-router.js?v=c69e118e:8261:3)
    at Suspense
    at OutletImpl (http://localhost:5173/node_modules/.vite/deps/@tanstack_react-router.js?v=c69e118e:8443:18)
    at main
    at div
    at Layout (http://localhost:5173/src/components/Layout.tsx?t=1773305715141:27:26)
    at RootComponent
    at MatchInnerImpl (http://localhost:5173/node_modules/.vite/deps/@tanstack_react-router.js?v=c69e118e:8354:3)
    at SafeFragment (http://localhost:5173/node_modules/.vite/deps/@tanstack_react-router.js?v=c69e118e:8184:87)
    at SafeFragment (http://localhost:5173/node_modules/.vite/deps/@tanstack_react-router.js?v=c69e118e:8184:87)
    at SafeFragment (http://localhost:5173/node_modules/.vite/deps/@tanstack_react-router.js?v=c69e118e:8184:87)
    at SafeFragment (http://localhost:5173/node_modules/.vite/deps/@tanstack_react-router.js?v=c69e118e:8184:87)
    at MatchImpl (http://localhost:5173/node_modules/.vite/deps/@tanstack_react-router.js?v=c69e118e:8261:3)
    at CatchBoundaryImpl (http://localhost:5173/node_modules/.vite/deps/@tanstack_react-router.js?v=c69e118e:6872:5)
    at CatchBoundary (http://localhost:5173/node_modules/.vite/deps/@tanstack_react-router.js?v=c69e118e:6852:32)
    at MatchesInner (http://localhost:5173/node_modules/.vite/deps/@tanstack_react-router.js?v=c69e118e:8499:18)
    at Suspense
    at Matches (http://localhost:5173/node_modules/.vite/deps/@tanstack_react-router.js?v=c69e118e:8487:18)
    at RouterContextProvider (http://localhost:5173/node_modules/.vite/deps/@tanstack_react-router.js?v=c69e118e:8611:3)
    at RouterProvider (http://localhost:5173/node_modules/.vite/deps/@tanstack_react-router.js?v=c69e118e:8631:27)
    at QueryClientProvider (http://localhost:5173/node_modules/.vite/deps/@tanstack_react-query.js?v=c69e118e:3168:3)

React will try to recreate this component tree from scratch using the error boundary you provided, CatchBoundaryImpl. @ http://localhost:5173/node_modules/.vite/deps/chunk-U3XUIKGL.js?v=c69e118e:14031
[  108575ms] [WARNING] Warning: The following error wasn't caught by any route! At the very least, consider setting an 'errorComponent' in your RootRoute! @ http://localhost:5173/node_modules/.vite/deps/@tanstack_react-router.js?v=c69e118e:6968
[  108576ms] [WARNING] Warning: Rendered more hooks than during the previous render. @ http://localhost:5173/node_modules/.vite/deps/@tanstack_react-router.js?v=c69e118e:6968
[  117619ms] Error: Rendered fewer hooks than expected. This may be caused by an accidental early return statement.
    at renderWithHooks (http://localhost:5173/node_modules/.vite/deps/chunk-U3XUIKGL.js?v=c69e118e:11595:19)
    at updateFunctionComponent (http://localhost:5173/node_modules/.vite/deps/chunk-U3XUIKGL.js?v=c69e118e:14582:28)
    at beginWork (http://localhost:5173/node_modules/.vite/deps/chunk-U3XUIKGL.js?v=c69e118e:15924:22)
    at HTMLUnknownElement.callCallback2 (http://localhost:5173/node_modules/.vite/deps/chunk-U3XUIKGL.js?v=c69e118e:3674:22)
    at Object.invokeGuardedCallbackDev (http://localhost:5173/node_modules/.vite/deps/chunk-U3XUIKGL.js?v=c69e118e:3699:24)
    at invokeGuardedCallback (http://localhost:5173/node_modules/.vite/deps/chunk-U3XUIKGL.js?v=c69e118e:3733:39)
    at beginWork$1 (http://localhost:5173/node_modules/.vite/deps/chunk-U3XUIKGL.js?v=c69e118e:19765:15)
    at performUnitOfWork (http://localhost:5173/node_modules/.vite/deps/chunk-U3XUIKGL.js?v=c69e118e:19198:20)
    at workLoopSync (http://localhost:5173/node_modules/.vite/deps/chunk-U3XUIKGL.js?v=c69e118e:19137:13)
    at renderRootSync (http://localhost:5173/node_modules/.vite/deps/chunk-U3XUIKGL.js?v=c69e118e:19116:15)
[  117620ms] Error: Rendered fewer hooks than expected. This may be caused by an accidental early return statement.
    at renderWithHooks (http://localhost:5173/node_modules/.vite/deps/chunk-U3XUIKGL.js?v=c69e118e:11595:19)
    at updateFunctionComponent (http://localhost:5173/node_modules/.vite/deps/chunk-U3XUIKGL.js?v=c69e118e:14582:28)
    at beginWork (http://localhost:5173/node_modules/.vite/deps/chunk-U3XUIKGL.js?v=c69e118e:15924:22)
    at HTMLUnknownElement.callCallback2 (http://localhost:5173/node_modules/.vite/deps/chunk-U3XUIKGL.js?v=c69e118e:3674:22)
    at Object.invokeGuardedCallbackDev (http://localhost:5173/node_modules/.vite/deps/chunk-U3XUIKGL.js?v=c69e118e:3699:24)
    at invokeGuardedCallback (http://localhost:5173/node_modules/.vite/deps/chunk-U3XUIKGL.js?v=c69e118e:3733:39)
    at beginWork$1 (http://localhost:5173/node_modules/.vite/deps/chunk-U3XUIKGL.js?v=c69e118e:19765:15)
    at performUnitOfWork (http://localhost:5173/node_modules/.vite/deps/chunk-U3XUIKGL.js?v=c69e118e:19198:20)
    at workLoopSync (http://localhost:5173/node_modules/.vite/deps/chunk-U3XUIKGL.js?v=c69e118e:19137:13)
    at renderRootSync (http://localhost:5173/node_modules/.vite/deps/chunk-U3XUIKGL.js?v=c69e118e:19116:15)
[  117621ms] [ERROR] The above error occurred in the <TournamentPage> component:

    at TournamentPage (http://localhost:5173/src/routes/tournaments/$id.tsx?t=1773305715141:38:13)
    at MatchInnerImpl (http://localhost:5173/node_modules/.vite/deps/@tanstack_react-router.js?v=c69e118e:8354:3)
    at SafeFragment (http://localhost:5173/node_modules/.vite/deps/@tanstack_react-router.js?v=c69e118e:8184:87)
    at SafeFragment (http://localhost:5173/node_modules/.vite/deps/@tanstack_react-router.js?v=c69e118e:8184:87)
    at SafeFragment (http://localhost:5173/node_modules/.vite/deps/@tanstack_react-router.js?v=c69e118e:8184:87)
    at SafeFragment (http://localhost:5173/node_modules/.vite/deps/@tanstack_react-router.js?v=c69e118e:8184:87)
    at MatchImpl (http://localhost:5173/node_modules/.vite/deps/@tanstack_react-router.js?v=c69e118e:8261:3)
    at Suspense
    at OutletImpl (http://localhost:5173/node_modules/.vite/deps/@tanstack_react-router.js?v=c69e118e:8443:18)
    at main
    at div
    at Layout (http://localhost:5173/src/components/Layout.tsx?t=1773305715141:27:26)
    at RootComponent
    at MatchInnerImpl (http://localhost:5173/node_modules/.vite/deps/@tanstack_react-router.js?v=c69e118e:8354:3)
    at SafeFragment (http://localhost:5173/node_modules/.vite/deps/@tanstack_react-router.js?v=c69e118e:8184:87)
    at SafeFragment (http://localhost:5173/node_modules/.vite/deps/@tanstack_react-router.js?v=c69e118e:8184:87)
    at SafeFragment (http://localhost:5173/node_modules/.vite/deps/@tanstack_react-router.js?v=c69e118e:8184:87)
    at SafeFragment (http://localhost:5173/node_modules/.vite/deps/@tanstack_react-router.js?v=c69e118e:8184:87)
    at MatchImpl (http://localhost:5173/node_modules/.vite/deps/@tanstack_react-router.js?v=c69e118e:8261:3)
    at CatchBoundaryImpl (http://localhost:5173/node_modules/.vite/deps/@tanstack_react-router.js?v=c69e118e:6872:5)
    at CatchBoundary (http://localhost:5173/node_modules/.vite/deps/@tanstack_react-router.js?v=c69e118e:6852:32)
    at MatchesInner (http://localhost:5173/node_modules/.vite/deps/@tanstack_react-router.js?v=c69e118e:8499:18)
    at Suspense
    at Matches (http://localhost:5173/node_modules/.vite/deps/@tanstack_react-router.js?v=c69e118e:8487:18)
    at RouterContextProvider (http://localhost:5173/node_modules/.vite/deps/@tanstack_react-router.js?v=c69e118e:8611:3)
    at RouterProvider (http://localhost:5173/node_modules/.vite/deps/@tanstack_react-router.js?v=c69e118e:8631:27)
    at QueryClientProvider (http://localhost:5173/node_modules/.vite/deps/@tanstack_react-query.js?v=c69e118e:3168:3)

React will try to recreate this component tree from scratch using the error boundary you provided, CatchBoundaryImpl. @ http://localhost:5173/node_modules/.vite/deps/chunk-U3XUIKGL.js?v=c69e118e:14031
[  117622ms] [WARNING] Warning: The following error wasn't caught by any route! At the very least, consider setting an 'errorComponent' in your RootRoute! @ http://localhost:5173/node_modules/.vite/deps/@tanstack_react-router.js?v=c69e118e:6968
[  117622ms] [WARNING] Warning: Rendered fewer hooks than expected. This may be caused by an accidental early return statement. @ http://localhost:5173/node_modules/.vite/deps/@tanstack_react-router.js?v=c69e118e:6968
[  117716ms] [WARNING] [React Flow]: Edge type "bezier" not found. Using fallback type "default". Help: https://reactflow.dev/error#011 @ http://localhost:5173/node_modules/.vite/deps/reactflow.js?v=c69e118e:3509
[  117716ms] [WARNING] [React Flow]: Edge type "bezier" not found. Using fallback type "default". Help: https://reactflow.dev/error#011 @ http://localhost:5173/node_modules/.vite/deps/reactflow.js?v=c69e118e:3509
[  117716ms] [WARNING] [React Flow]: Edge type "bezier" not found. Using fallback type "default". Help: https://reactflow.dev/error#011 @ http://localhost:5173/node_modules/.vite/deps/reactflow.js?v=c69e118e:3509
[  117716ms] [WARNING] [React Flow]: Edge type "bezier" not found. Using fallback type "default". Help: https://reactflow.dev/error#011 @ http://localhost:5173/node_modules/.vite/deps/reactflow.js?v=c69e118e:3509
[  117717ms] [WARNING] [React Flow]: Edge type "bezier" not found. Using fallback type "default". Help: https://reactflow.dev/error#011 @ http://localhost:5173/node_modules/.vite/deps/reactflow.js?v=c69e118e:3509
[  117717ms] [WARNING] [React Flow]: Edge type "bezier" not found. Using fallback type "default". Help: https://reactflow.dev/error#011 @ http://localhost:5173/node_modules/.vite/deps/reactflow.js?v=c69e118e:3509
[  117717ms] [WARNING] [React Flow]: Edge type "bezier" not found. Using fallback type "default". Help: https://reactflow.dev/error#011 @ http://localhost:5173/node_modules/.vite/deps/reactflow.js?v=c69e118e:3509
[  117717ms] [WARNING] [React Flow]: Edge type "bezier" not found. Using fallback type "default". Help: https://reactflow.dev/error#011 @ http://localhost:5173/node_modules/.vite/deps/reactflow.js?v=c69e118e:3509
[  117717ms] [WARNING] [React Flow]: Edge type "bezier" not found. Using fallback type "default". Help: https://reactflow.dev/error#011 @ http://localhost:5173/node_modules/.vite/deps/reactflow.js?v=c69e118e:3509
[  117718ms] [WARNING] [React Flow]: Edge type "bezier" not found. Using fallback type "default". Help: https://reactflow.dev/error#011 @ http://localhost:5173/node_modules/.vite/deps/reactflow.js?v=c69e118e:3509
[  117718ms] [WARNING] [React Flow]: Edge type "bezier" not found. Using fallback type "default". Help: https://reactflow.dev/error#011 @ http://localhost:5173/node_modules/.vite/deps/reactflow.js?v=c69e118e:3509
[  117718ms] [WARNING] [React Flow]: Edge type "bezier" not found. Using fallback type "default". Help: https://reactflow.dev/error#011 @ http://localhost:5173/node_modules/.vite/deps/reactflow.js?v=c69e118e:3509
[  117718ms] [WARNING] [React Flow]: Edge type "bezier" not found. Using fallback type "default". Help: https://reactflow.dev/error#011 @ http://localhost:5173/node_modules/.vite/deps/reactflow.js?v=c69e118e:3509
[  117718ms] [WARNING] [React Flow]: Edge type "bezier" not found. Using fallback type "default". Help: https://reactflow.dev/error#011 @ http://localhost:5173/node_modules/.vite/deps/reactflow.js?v=c69e118e:3509
[  117719ms] [WARNING] [React Flow]: Edge type "bezier" not found. Using fallback type "default". Help: https://reactflow.dev/error#011 @ http://localhost:5173/node_modules/.vite/deps/reactflow.js?v=c69e118e:3509
[  117719ms] [WARNING] [React Flow]: Edge type "bezier" not found. Using fallback type "default". Help: https://reactflow.dev/error#011 @ http://localhost:5173/node_modules/.vite/deps/reactflow.js?v=c69e118e:3509
[  117719ms] [WARNING] [React Flow]: Edge type "bezier" not found. Using fallback type "default". Help: https://reactflow.dev/error#011 @ http://localhost:5173/node_modules/.vite/deps/reactflow.js?v=c69e118e:3509
[  117719ms] [WARNING] [React Flow]: Edge type "bezier" not found. Using fallback type "default". Help: https://reactflow.dev/error#011 @ http://localhost:5173/node_modules/.vite/deps/reactflow.js?v=c69e118e:3509
[  117719ms] [WARNING] [React Flow]: Edge type "bezier" not found. Using fallback type "default". Help: https://reactflow.dev/error#011 @ http://localhost:5173/node_modules/.vite/deps/reactflow.js?v=c69e118e:3509
[  117719ms] [WARNING] [React Flow]: Edge type "bezier" not found. Using fallback type "default". Help: https://reactflow.dev/error#011 @ http://localhost:5173/node_modules/.vite/deps/reactflow.js?v=c69e118e:3509
[  117720ms] [WARNING] [React Flow]: Edge type "bezier" not found. Using fallback type "default". Help: https://reactflow.dev/error#011 @ http://localhost:5173/node_modules/.vite/deps/reactflow.js?v=c69e118e:3509
[  117720ms] [WARNING] [React Flow]: Edge type "bezier" not found. Using fallback type "default". Help: https://reactflow.dev/error#011 @ http://localhost:5173/node_modules/.vite/deps/reactflow.js?v=c69e118e:3509
[  117720ms] [WARNING] [React Flow]: Edge type "bezier" not found. Using fallback type "default". Help: https://reactflow.dev/error#011 @ http://localhost:5173/node_modules/.vite/deps/reactflow.js?v=c69e118e:3509
[  117720ms] [WARNING] [React Flow]: Edge type "bezier" not found. Using fallback type "default". Help: https://reactflow.dev/error#011 @ http://localhost:5173/node_modules/.vite/deps/reactflow.js?v=c69e118e:3509
[  117720ms] [WARNING] [React Flow]: Edge type "bezier" not found. Using fallback type "default". Help: https://reactflow.dev/error#011 @ http://localhost:5173/node_modules/.vite/deps/reactflow.js?v=c69e118e:3509
[  117720ms] [WARNING] [React Flow]: Edge type "bezier" not found. Using fallback type "default". Help: https://reactflow.dev/error#011 @ http://localhost:5173/node_modules/.vite/deps/reactflow.js?v=c69e118e:3509
[  117748ms] [WARNING] [React Flow]: Edge type "bezier" not found. Using fallback type "default". Help: https://reactflow.dev/error#011 @ http://localhost:5173/node_modules/.vite/deps/reactflow.js?v=c69e118e:3509
[  117750ms] [WARNING] [React Flow]: Edge type "bezier" not found. Using fallback type "default". Help: https://reactflow.dev/error#011 @ http://localhost:5173/node_modules/.vite/deps/reactflow.js?v=c69e118e:3509
[  117750ms] [WARNING] [React Flow]: Edge type "bezier" not found. Using fallback type "default". Help: https://reactflow.dev/error#011 @ http://localhost:5173/node_modules/.vite/deps/reactflow.js?v=c69e118e:3509
[  117750ms] [WARNING] [React Flow]: Edge type "bezier" not found. Using fallback type "default". Help: https://reactflow.dev/error#011 @ http://localhost:5173/node_modules/.vite/deps/reactflow.js?v=c69e118e:3509
[  117750ms] [WARNING] [React Flow]: Edge type "bezier" not found. Using fallback type "default". Help: https://reactflow.dev/error#011 @ http://localhost:5173/node_modules/.vite/deps/reactflow.js?v=c69e118e:3509
[  117751ms] [WARNING] [React Flow]: Edge type "bezier" not found. Using fallback type "default". Help: https://reactflow.dev/error#011 @ http://localhost:5173/node_modules/.vite/deps/reactflow.js?v=c69e118e:3509
[  117751ms] [WARNING] [React Flow]: Edge type "bezier" not found. Using fallback type "default". Help: https://reactflow.dev/error#011 @ http://localhost:5173/node_modules/.vite/deps/reactflow.js?v=c69e118e:3509
[  117751ms] [WARNING] [React Flow]: Edge type "bezier" not found. Using fallback type "default". Help: https://reactflow.dev/error#011 @ http://localhost:5173/node_modules/.vite/deps/reactflow.js?v=c69e118e:3509
[  117751ms] [WARNING] [React Flow]: Edge type "bezier" not found. Using fallback type "default". Help: https://reactflow.dev/error#011 @ http://localhost:5173/node_modules/.vite/deps/reactflow.js?v=c69e118e:3509
[  117751ms] [WARNING] [React Flow]: Edge type "bezier" not found. Using fallback type "default". Help: https://reactflow.dev/error#011 @ http://localhost:5173/node_modules/.vite/deps/reactflow.js?v=c69e118e:3509
[  117752ms] [WARNING] [React Flow]: Edge type "bezier" not found. Using fallback type "default". Help: https://reactflow.dev/error#011 @ http://localhost:5173/node_modules/.vite/deps/reactflow.js?v=c69e118e:3509
[  117752ms] [WARNING] [React Flow]: Edge type "bezier" not found. Using fallback type "default". Help: https://reactflow.dev/error#011 @ http://localhost:5173/node_modules/.vite/deps/reactflow.js?v=c69e118e:3509
[  117752ms] [WARNING] [React Flow]: Edge type "bezier" not found. Using fallback type "default". Help: https://reactflow.dev/error#011 @ http://localhost:5173/node_modules/.vite/deps/reactflow.js?v=c69e118e:3509
[  117752ms] [WARNING] [React Flow]: Edge type "bezier" not found. Using fallback type "default". Help: https://reactflow.dev/error#011 @ http://localhost:5173/node_modules/.vite/deps/reactflow.js?v=c69e118e:3509
[  117753ms] [WARNING] [React Flow]: Edge type "bezier" not found. Using fallback type "default". Help: https://reactflow.dev/error#011 @ http://localhost:5173/node_modules/.vite/deps/reactflow.js?v=c69e118e:3509
[  117753ms] [WARNING] [React Flow]: Edge type "bezier" not found. Using fallback type "default". Help: https://reactflow.dev/error#011 @ http://localhost:5173/node_modules/.vite/deps/reactflow.js?v=c69e118e:3509
[  117753ms] [WARNING] [React Flow]: Edge type "bezier" not found. Using fallback type "default". Help: https://reactflow.dev/error#011 @ http://localhost:5173/node_modules/.vite/deps/reactflow.js?v=c69e118e:3509
[  117753ms] [WARNING] [React Flow]: Edge type "bezier" not found. Using fallback type "default". Help: https://reactflow.dev/error#011 @ http://localhost:5173/node_modules/.vite/deps/reactflow.js?v=c69e118e:3509
[  117754ms] [WARNING] [React Flow]: Edge type "bezier" not found. Using fallback type "default". Help: https://reactflow.dev/error#011 @ http://localhost:5173/node_modules/.vite/deps/reactflow.js?v=c69e118e:3509
[  117754ms] [WARNING] [React Flow]: Edge type "bezier" not found. Using fallback type "default". Help: https://reactflow.dev/error#011 @ http://localhost:5173/node_modules/.vite/deps/reactflow.js?v=c69e118e:3509
[  117754ms] [WARNING] [React Flow]: Edge type "bezier" not found. Using fallback type "default". Help: https://reactflow.dev/error#011 @ http://localhost:5173/node_modules/.vite/deps/reactflow.js?v=c69e118e:3509
[  117755ms] [WARNING] [React Flow]: Edge type "bezier" not found. Using fallback type "default". Help: https://reactflow.dev/error#011 @ http://localhost:5173/node_modules/.vite/deps/reactflow.js?v=c69e118e:3509
[  117755ms] [WARNING] [React Flow]: Edge type "bezier" not found. Using fallback type "default". Help: https://reactflow.dev/error#011 @ http://localhost:5173/node_modules/.vite/deps/reactflow.js?v=c69e118e:3509
[  117755ms] [WARNING] [React Flow]: Edge type "bezier" not found. Using fallback type "default". Help: https://reactflow.dev/error#011 @ http://localhost:5173/node_modules/.vite/deps/reactflow.js?v=c69e118e:3509
[  117755ms] [WARNING] [React Flow]: Edge type "bezier" not found. Using fallback type "default". Help: https://reactflow.dev/error#011 @ http://localhost:5173/node_modules/.vite/deps/reactflow.js?v=c69e118e:3509
[  117755ms] [WARNING] [React Flow]: Edge type "bezier" not found. Using fallback type "default". Help: https://reactflow.dev/error#011 @ http://localhost:5173/node_modules/.vite/deps/reactflow.js?v=c69e118e:3509
[  127175ms] [WARNING] [React Flow]: Edge type "bezier" not found. Using fallback type "default". Help: https://reactflow.dev/error#011 @ http://localhost:5173/node_modules/.vite/deps/reactflow.js?v=c69e118e:3509
[  127175ms] [WARNING] [React Flow]: Edge type "bezier" not found. Using fallback type "default". Help: https://reactflow.dev/error#011 @ http://localhost:5173/node_modules/.vite/deps/reactflow.js?v=c69e118e:3509
[  127175ms] [WARNING] [React Flow]: Edge type "bezier" not found. Using fallback type "default". Help: https://reactflow.dev/error#011 @ http://localhost:5173/node_modules/.vite/deps/reactflow.js?v=c69e118e:3509
[  127175ms] [WARNING] [React Flow]: Edge type "bezier" not found. Using fallback type "default". Help: https://reactflow.dev/error#011 @ http://localhost:5173/node_modules/.vite/deps/reactflow.js?v=c69e118e:3509
[  127176ms] [WARNING] [React Flow]: Edge type "bezier" not found. Using fallback type "default". Help: https://reactflow.dev/error#011 @ http://localhost:5173/node_modules/.vite/deps/reactflow.js?v=c69e118e:3509
[  127176ms] [WARNING] [React Flow]: Edge type "bezier" not found. Using fallback type "default". Help: https://reactflow.dev/error#011 @ http://localhost:5173/node_modules/.vite/deps/reactflow.js?v=c69e118e:3509
[  127176ms] [WARNING] [React Flow]: Edge type "bezier" not found. Using fallback type "default". Help: https://reactflow.dev/error#011 @ http://localhost:5173/node_modules/.vite/deps/reactflow.js?v=c69e118e:3509
[  127176ms] [WARNING] [React Flow]: Edge type "bezier" not found. Using fallback type "default". Help: https://reactflow.dev/error#011 @ http://localhost:5173/node_modules/.vite/deps/reactflow.js?v=c69e118e:3509
[  127176ms] [WARNING] [React Flow]: Edge type "bezier" not found. Using fallback type "default". Help: https://reactflow.dev/error#011 @ http://localhost:5173/node_modules/.vite/deps/reactflow.js?v=c69e118e:3509
[  127176ms] [WARNING] [React Flow]: Edge type "bezier" not found. Using fallback type "default". Help: https://reactflow.dev/error#011 @ http://localhost:5173/node_modules/.vite/deps/reactflow.js?v=c69e118e:3509
[  127177ms] [WARNING] [React Flow]: Edge type "bezier" not found. Using fallback type "default". Help: https://reactflow.dev/error#011 @ http://localhost:5173/node_modules/.vite/deps/reactflow.js?v=c69e118e:3509
[  127177ms] [WARNING] [React Flow]: Edge type "bezier" not found. Using fallback type "default". Help: https://reactflow.dev/error#011 @ http://localhost:5173/node_modules/.vite/deps/reactflow.js?v=c69e118e:3509
[  127177ms] [WARNING] [React Flow]: Edge type "bezier" not found. Using fallback type "default". Help: https://reactflow.dev/error#011 @ http://localhost:5173/node_modules/.vite/deps/reactflow.js?v=c69e118e:3509
[  127177ms] [WARNING] [React Flow]: Edge type "bezier" not found. Using fallback type "default". Help: https://reactflow.dev/error#011 @ http://localhost:5173/node_modules/.vite/deps/reactflow.js?v=c69e118e:3509
[  127178ms] [WARNING] [React Flow]: Edge type "bezier" not found. Using fallback type "default". Help: https://reactflow.dev/error#011 @ http://localhost:5173/node_modules/.vite/deps/reactflow.js?v=c69e118e:3509
[  127178ms] [WARNING] [React Flow]: Edge type "bezier" not found. Using fallback type "default". Help: https://reactflow.dev/error#011 @ http://localhost:5173/node_modules/.vite/deps/reactflow.js?v=c69e118e:3509
[  127179ms] [WARNING] [React Flow]: Edge type "bezier" not found. Using fallback type "default". Help: https://reactflow.dev/error#011 @ http://localhost:5173/node_modules/.vite/deps/reactflow.js?v=c69e118e:3509
[  127179ms] [WARNING] [React Flow]: Edge type "bezier" not found. Using fallback type "default". Help: https://reactflow.dev/error#011 @ http://localhost:5173/node_modules/.vite/deps/reactflow.js?v=c69e118e:3509
[  127179ms] [WARNING] [React Flow]: Edge type "bezier" not found. Using fallback type "default". Help: https://reactflow.dev/error#011 @ http://localhost:5173/node_modules/.vite/deps/reactflow.js?v=c69e118e:3509
[  127179ms] [WARNING] [React Flow]: Edge type "bezier" not found. Using fallback type "default". Help: https://reactflow.dev/error#011 @ http://localhost:5173/node_modules/.vite/deps/reactflow.js?v=c69e118e:3509
[  127179ms] [WARNING] [React Flow]: Edge type "bezier" not found. Using fallback type "default". Help: https://reactflow.dev/error#011 @ http://localhost:5173/node_modules/.vite/deps/reactflow.js?v=c69e118e:3509
[  127179ms] [WARNING] [React Flow]: Edge type "bezier" not found. Using fallback type "default". Help: https://reactflow.dev/error#011 @ http://localhost:5173/node_modules/.vite/deps/reactflow.js?v=c69e118e:3509
[  127179ms] [WARNING] [React Flow]: Edge type "bezier" not found. Using fallback type "default". Help: https://reactflow.dev/error#011 @ http://localhost:5173/node_modules/.vite/deps/reactflow.js?v=c69e118e:3509
[  127180ms] [WARNING] [React Flow]: Edge type "bezier" not found. Using fallback type "default". Help: https://reactflow.dev/error#011 @ http://localhost:5173/node_modules/.vite/deps/reactflow.js?v=c69e118e:3509
[  127180ms] [WARNING] [React Flow]: Edge type "bezier" not found. Using fallback type "default". Help: https://reactflow.dev/error#011 @ http://localhost:5173/node_modules/.vite/deps/reactflow.js?v=c69e118e:3509
[  127180ms] [WARNING] [React Flow]: Edge type "bezier" not found. Using fallback type "default". Help: https://reactflow.dev/error#011 @ http://localhost:5173/node_modules/.vite/deps/reactflow.js?v=c69e118e:3509
